<?xml version="1.0"?>
<testsuite name="Firefox 66.0.0 (Mac OS X 10.14.0)" package="" timestamp="2019-06-11T07:02:53" id="0" hostname="Akos-MacBook-Pro.local" tests="18" errors="0" failures="0" time="0.746">
  <properties>
    <property name="browser.fullName" value="Mozilla/5.0 (Macintosh; Intel Mac OS X 10.14; rv:66.0) Gecko/20100101 Firefox/66.0"/>
  </properties>
  <testcase name="Dashboard Application Tests Basic application setup should create a new &lt;e-dashboard>" time="0.037" classname="Firefox_66_0_0_(Mac_OS_X_10_14_0).Dashboard Application Tests"/>
  <testcase name="FlowCatalogue Application Tests Basic application setup should create a new &lt;e-flow-catalogue>" time="0.105" classname="Firefox_66_0_0_(Mac_OS_X_10_14_0).FlowCatalogue Application Tests"/>
  <testcase name="FlowInfo Application Tests Basic application setup should create a new &lt;e-flow-info>" time="0.128" classname="Firefox_66_0_0_(Mac_OS_X_10_14_0).FlowInfo Application Tests"/>
  <testcase name="ModelInfo Application Tests Basic application setup should create a new &lt;e-model-info>" time="0.058" classname="Firefox_66_0_0_(Mac_OS_X_10_14_0).ModelInfo Application Tests"/>
  <testcase name="ModelList Application Tests Basic application setup should create a new &lt;e-model-list>" time="0.049" classname="Firefox_66_0_0_(Mac_OS_X_10_14_0).ModelList Application Tests"/>
  <testcase name="ModelCard Component Tests Basic component setup should create a new &lt;e-flow-card>" time="0.008" classname="Firefox_66_0_0_(Mac_OS_X_10_14_0).ModelCard Component Tests"/>
  <testcase name="FlowContainer Component Tests Basic component setup should create a new &lt;e-flow-container>" time="0.041" classname="Firefox_66_0_0_(Mac_OS_X_10_14_0).FlowContainer Component Tests"/>
  <testcase name="FlowContainer Component Tests Basic component setup Create components should create new &lt;e-sidebar>" time="0.04" classname="Firefox_66_0_0_(Mac_OS_X_10_14_0).FlowContainer Component Tests"/>
  <testcase name="FlowContainer Component Tests Basic component setup Create components should create new &lt;eui-layout-v0-tile>" time="0.042" classname="Firefox_66_0_0_(Mac_OS_X_10_14_0).FlowContainer Component Tests"/>
  <testcase name="ModelCard Component Tests Basic component setup should create a new &lt;e-model-card>" time="0.006" classname="Firefox_66_0_0_(Mac_OS_X_10_14_0).ModelCard Component Tests"/>
  <testcase name="ModelContainer Component Tests Basic component setup should create a new &lt;e-model-container>" time="0.059" classname="Firefox_66_0_0_(Mac_OS_X_10_14_0).ModelContainer Component Tests"/>
  <testcase name="ModelContainer Component Tests Basic component setup Create components should create new &lt;e-sidebar>" time="0.043" classname="Firefox_66_0_0_(Mac_OS_X_10_14_0).ModelContainer Component Tests"/>
  <testcase name="ModelContainer Component Tests Basic component setup Create components should create new &lt;eui-layout-v0-tile>" time="0.06" classname="Firefox_66_0_0_(Mac_OS_X_10_14_0).ModelContainer Component Tests"/>
  <testcase name="ChartLegend Component Tests Basic component setup should create a new &lt;e-chart-legend>" time="0" classname="Firefox_66_0_0_(Mac_OS_X_10_14_0).ChartLegend Component Tests"/>
  <testcase name="ModelDetails Component Tests Basic component setup should create a new &lt;e-model-details>" time="0.022" classname="Firefox_66_0_0_(Mac_OS_X_10_14_0).ModelDetails Component Tests"/>
  <testcase name="MonitoringLineChart Component Tests Basic component setup should create a new &lt;e-monitoring-line-chart>" time="0.013" classname="Firefox_66_0_0_(Mac_OS_X_10_14_0).MonitoringLineChart Component Tests"/>
  <testcase name="Sidebar Component Tests Basic component setup should create a new &lt;e-sidebar>" time="0.022" classname="Firefox_66_0_0_(Mac_OS_X_10_14_0).Sidebar Component Tests"/>
  <testcase name="UploadComponent Component Tests Basic component setup should create a new &lt;e-upload-component>" time="0.013" classname="Firefox_66_0_0_(Mac_OS_X_10_14_0).UploadComponent Component Tests"/>
  <system-out>
    <![CDATA[HeadlessChrome 75.0.3770 (Mac OS X 10.14.5) WARN: 'customElement eui-base-v0-dropdown-ellipsis has already been defined'
,HeadlessChrome 75.0.3770 (Mac OS X 10.14.5) WARN: 'customElement eui-base-v0-accordion has already been defined'
,HeadlessChrome 75.0.3770 (Mac OS X 10.14.5) WARN: 'customElement eui-base-v0-button has already been defined'
,HeadlessChrome 75.0.3770 (Mac OS X 10.14.5) WARN: 'customElement eui-base-v0-breadcrumb has already been defined'
,HeadlessChrome 75.0.3770 (Mac OS X 10.14.5) WARN: 'customElement eui-base-v0-checkbox has already been defined'
,HeadlessChrome 75.0.3770 (Mac OS X 10.14.5) WARN: 'customElement eui-base-v0-datepicker has already been defined'
,HeadlessChrome 75.0.3770 (Mac OS X 10.14.5) WARN: 'customElement eui-base-v0-dropdown has already been defined'
,HeadlessChrome 75.0.3770 (Mac OS X 10.14.5) WARN: 'customElement eui-base-v0-notification has already been defined'
,HeadlessChrome 75.0.3770 (Mac OS X 10.14.5) WARN: 'customElement eui-base-v0-password-field has already been defined'
,HeadlessChrome 75.0.3770 (Mac OS X 10.14.5) WARN: 'customElement eui-base-v0-pill has already been defined'
,HeadlessChrome 75.0.3770 (Mac OS X 10.14.5) WARN: 'customElement eui-base-v0-progress-bar has already been defined'
,HeadlessChrome 75.0.3770 (Mac OS X 10.14.5) WARN: 'customElement eui-base-v0-radio-button has already been defined'
,HeadlessChrome 75.0.3770 (Mac OS X 10.14.5) WARN: 'customElement eui-base-v0-slider has already been defined'
,HeadlessChrome 75.0.3770 (Mac OS X 10.14.5) WARN: 'customElement eui-base-v0-spinner has already been defined'
,HeadlessChrome 75.0.3770 (Mac OS X 10.14.5) WARN: 'customElement eui-base-v0-switch has already been defined'
,HeadlessChrome 75.0.3770 (Mac OS X 10.14.5) WARN: 'customElement eui-base-v0-text-field has already been defined'
,HeadlessChrome 75.0.3770 (Mac OS X 10.14.5) WARN: 'customElement eui-base-v0-textarea has already been defined'
,HeadlessChrome 75.0.3770 (Mac OS X 10.14.5) WARN: 'customElement eui-base-v0-tooltip has already been defined'
,HeadlessChrome 75.0.3770 (Mac OS X 10.14.5) WARN: 'customElement eui-base-v0-tree has already been defined'
,HeadlessChrome 75.0.3770 (Mac OS X 10.14.5) WARN: 'customElement eui-base-v0-tree-item has already been defined'
,HeadlessChrome 75.0.3770 (Mac OS X 10.14.5) WARN: 'customElement eui-base-v0-dialog has already been defined'
,HeadlessChrome 75.0.3770 (Mac OS X 10.14.5) WARN: 'customElement eui-base-v0-icon has already been defined'
,HeadlessChrome 75.0.3770 (Mac OS X 10.14.5) WARN: 'customElement eui-base-v0-loader has already been defined'
,HeadlessChrome 75.0.3770 (Mac OS X 10.14.5) WARN: 'customElement eui-base-v0-file-input has already been defined'
,HeadlessChrome 75.0.3770 (Mac OS X 10.14.5) ERROR: SyntaxError: Unexpected token N in JSON at position 0
SyntaxError: Unexpected token N in JSON at position 0
    at JSON.parse (<anonymous>)
    at HttpService._makeRequest (http://localhost:9876/base/test/webpackEntry.js?7289f72ca411633bcbdb65ab71fd15c5e03b6cc3:12636:4518)
    at async Promise.all (index 0)
    at async http://localhost:9876/base/test/webpackEntry.js?7289f72ca411633bcbdb65ab71fd15c5e03b6cc3:12759:4619
,HeadlessChrome 75.0.3770 (Mac OS X 10.14.5) ERROR: SyntaxError: Unexpected token N in JSON at position 0
SyntaxError: Unexpected token N in JSON at position 0
    at JSON.parse (<anonymous>)
    at HttpService._makeRequest (http://localhost:9876/base/test/webpackEntry.js?7289f72ca411633bcbdb65ab71fd15c5e03b6cc3:12636:4518)
    at async Promise.all (index 0)
    at async http://localhost:9876/base/test/webpackEntry.js?7289f72ca411633bcbdb65ab71fd15c5e03b6cc3:12759:4619
,HeadlessChrome 75.0.3770 (Mac OS X 10.14.5) ERROR: SyntaxError: Unexpected token N in JSON at position 0
SyntaxError: Unexpected token N in JSON at position 0
    at JSON.parse (<anonymous>)
    at HttpService._makeRequest (http://localhost:9876/base/test/webpackEntry.js?7289f72ca411633bcbdb65ab71fd15c5e03b6cc3:12636:4518)
    at async Promise.all (index 0)
    at async http://localhost:9876/base/test/webpackEntry.js?7289f72ca411633bcbdb65ab71fd15c5e03b6cc3:13884:5314
,HeadlessChrome 75.0.3770 (Mac OS X 10.14.5) ERROR: SyntaxError: Unexpected token N in JSON at position 0
SyntaxError: Unexpected token N in JSON at position 0
    at JSON.parse (<anonymous>)
    at HttpService._makeRequest (http://localhost:9876/base/test/webpackEntry.js?7289f72ca411633bcbdb65ab71fd15c5e03b6cc3:12636:4518)
    at async Promise.all (index 0)
    at async http://localhost:9876/base/test/webpackEntry.js?7289f72ca411633bcbdb65ab71fd15c5e03b6cc3:13884:5314
,HeadlessChrome 75.0.3770 (Mac OS X 10.14.5) ERROR: SyntaxError: Unexpected token N in JSON at position 0
SyntaxError: Unexpected token N in JSON at position 0
    at JSON.parse (<anonymous>)
    at HttpService._makeRequest (http://localhost:9876/base/test/webpackEntry.js?7289f72ca411633bcbdb65ab71fd15c5e03b6cc3:12636:4518)
    at async Promise.all (index 0)
    at async http://localhost:9876/base/test/webpackEntry.js?7289f72ca411633bcbdb65ab71fd15c5e03b6cc3:12759:4619
,HeadlessChrome 75.0.3770 (Mac OS X 10.14.5) ERROR: SyntaxError: Unexpected token N in JSON at position 0
SyntaxError: Unexpected token N in JSON at position 0
    at JSON.parse (<anonymous>)
    at HttpService._makeRequest (http://localhost:9876/base/test/webpackEntry.js?7289f72ca411633bcbdb65ab71fd15c5e03b6cc3:12636:4518)
    at async Promise.all (index 0)
    at async http://localhost:9876/base/test/webpackEntry.js?7289f72ca411633bcbdb65ab71fd15c5e03b6cc3:12759:4619
,HeadlessChrome 75.0.3770 (Mac OS X 10.14.5) ERROR: SyntaxError: Unexpected token N in JSON at position 0
SyntaxError: Unexpected token N in JSON at position 0
    at JSON.parse (<anonymous>)
    at HttpService._makeRequest (http://localhost:9876/base/test/webpackEntry.js?7289f72ca411633bcbdb65ab71fd15c5e03b6cc3:12636:4518)
    at async Promise.all (index 0)
    at async http://localhost:9876/base/test/webpackEntry.js?7289f72ca411633bcbdb65ab71fd15c5e03b6cc3:12759:4619
,HeadlessChrome 75.0.3770 (Mac OS X 10.14.5) ERROR: SyntaxError: Unexpected token N in JSON at position 0
SyntaxError: Unexpected token N in JSON at position 0
    at JSON.parse (<anonymous>)
    at HttpService._makeRequest (http://localhost:9876/base/test/webpackEntry.js?7289f72ca411633bcbdb65ab71fd15c5e03b6cc3:12636:4518)
    at async Promise.all (index 0)
    at async http://localhost:9876/base/test/webpackEntry.js?7289f72ca411633bcbdb65ab71fd15c5e03b6cc3:13884:5314
,HeadlessChrome 75.0.3770 (Mac OS X 10.14.5) ERROR: SyntaxError: Unexpected token N in JSON at position 0
SyntaxError: Unexpected token N in JSON at position 0
    at JSON.parse (<anonymous>)
    at HttpService._makeRequest (http://localhost:9876/base/test/webpackEntry.js?7289f72ca411633bcbdb65ab71fd15c5e03b6cc3:12636:4518)
    at async Promise.all (index 0)
    at async http://localhost:9876/base/test/webpackEntry.js?7289f72ca411633bcbdb65ab71fd15c5e03b6cc3:13884:5314
,HeadlessChrome 75.0.3770 (Mac OS X 10.14.5) ERROR: SyntaxError: Unexpected token N in JSON at position 0
SyntaxError: Unexpected token N in JSON at position 0
    at JSON.parse (<anonymous>)
    at HttpService._makeRequest (http://localhost:9876/base/test/webpackEntry.js?7289f72ca411633bcbdb65ab71fd15c5e03b6cc3:12636:4518)
    at async Promise.all (index 0)
    at async http://localhost:9876/base/test/webpackEntry.js?7289f72ca411633bcbdb65ab71fd15c5e03b6cc3:13884:5314
,Firefox 66.0.0 (Mac OS X 10.14.0) WARN: 'customElement eui-base-v0-dropdown-ellipsis has already been defined'
,Firefox 66.0.0 (Mac OS X 10.14.0) WARN: 'customElement eui-base-v0-accordion has already been defined'
,Firefox 66.0.0 (Mac OS X 10.14.0) WARN: 'customElement eui-base-v0-button has already been defined'
,Firefox 66.0.0 (Mac OS X 10.14.0) WARN: 'customElement eui-base-v0-breadcrumb has already been defined'
,Firefox 66.0.0 (Mac OS X 10.14.0) WARN: 'customElement eui-base-v0-checkbox has already been defined'
,Firefox 66.0.0 (Mac OS X 10.14.0) WARN: 'customElement eui-base-v0-datepicker has already been defined'
,Firefox 66.0.0 (Mac OS X 10.14.0) WARN: 'customElement eui-base-v0-dropdown has already been defined'
,Firefox 66.0.0 (Mac OS X 10.14.0) WARN: 'customElement eui-base-v0-notification has already been defined'
,Firefox 66.0.0 (Mac OS X 10.14.0) WARN: 'customElement eui-base-v0-password-field has already been defined'
,Firefox 66.0.0 (Mac OS X 10.14.0) WARN: 'customElement eui-base-v0-pill has already been defined'
,Firefox 66.0.0 (Mac OS X 10.14.0) WARN: 'customElement eui-base-v0-progress-bar has already been defined'
,Firefox 66.0.0 (Mac OS X 10.14.0) WARN: 'customElement eui-base-v0-radio-button has already been defined'
,Firefox 66.0.0 (Mac OS X 10.14.0) WARN: 'customElement eui-base-v0-slider has already been defined'
,Firefox 66.0.0 (Mac OS X 10.14.0) WARN: 'customElement eui-base-v0-spinner has already been defined'
,Firefox 66.0.0 (Mac OS X 10.14.0) WARN: 'customElement eui-base-v0-switch has already been defined'
,Firefox 66.0.0 (Mac OS X 10.14.0) WARN: 'customElement eui-base-v0-text-field has already been defined'
,Firefox 66.0.0 (Mac OS X 10.14.0) WARN: 'customElement eui-base-v0-textarea has already been defined'
,Firefox 66.0.0 (Mac OS X 10.14.0) WARN: 'customElement eui-base-v0-tooltip has already been defined'
,Firefox 66.0.0 (Mac OS X 10.14.0) WARN: 'customElement eui-base-v0-tree has already been defined'
,Firefox 66.0.0 (Mac OS X 10.14.0) WARN: 'customElement eui-base-v0-tree-item has already been defined'
,Firefox 66.0.0 (Mac OS X 10.14.0) WARN: 'customElement eui-base-v0-dialog has already been defined'
,Firefox 66.0.0 (Mac OS X 10.14.0) WARN: 'customElement eui-base-v0-icon has already been defined'
,Firefox 66.0.0 (Mac OS X 10.14.0) WARN: 'customElement eui-base-v0-loader has already been defined'
,Firefox 66.0.0 (Mac OS X 10.14.0) WARN: 'customElement eui-base-v0-file-input has already been defined'
,Firefox 66.0.0 (Mac OS X 10.14.0) ERROR: SyntaxError: JSON.parse: unexpected character at line 1 column 1 of the JSON data
_makeRequest@http://localhost:9876/base/test/webpackEntry.js?7289f72ca411633bcbdb65ab71fd15c5e03b6cc3:12636:4513

,Firefox 66.0.0 (Mac OS X 10.14.0) ERROR: SyntaxError: JSON.parse: unexpected character at line 1 column 1 of the JSON data
_makeRequest@http://localhost:9876/base/test/webpackEntry.js?7289f72ca411633bcbdb65ab71fd15c5e03b6cc3:12636:4513

,Firefox 66.0.0 (Mac OS X 10.14.0) ERROR: SyntaxError: JSON.parse: unexpected character at line 1 column 1 of the JSON data
_makeRequest@http://localhost:9876/base/test/webpackEntry.js?7289f72ca411633bcbdb65ab71fd15c5e03b6cc3:12636:4513

,Firefox 66.0.0 (Mac OS X 10.14.0) ERROR: SyntaxError: JSON.parse: unexpected character at line 1 column 1 of the JSON data
_makeRequest@http://localhost:9876/base/test/webpackEntry.js?7289f72ca411633bcbdb65ab71fd15c5e03b6cc3:12636:4513

,Firefox 66.0.0 (Mac OS X 10.14.0) ERROR: SyntaxError: JSON.parse: unexpected character at line 1 column 1 of the JSON data
_makeRequest@http://localhost:9876/base/test/webpackEntry.js?7289f72ca411633bcbdb65ab71fd15c5e03b6cc3:12636:4513

,Firefox 66.0.0 (Mac OS X 10.14.0) ERROR: SyntaxError: JSON.parse: unexpected character at line 1 column 1 of the JSON data
_makeRequest@http://localhost:9876/base/test/webpackEntry.js?7289f72ca411633bcbdb65ab71fd15c5e03b6cc3:12636:4513

,Firefox 66.0.0 (Mac OS X 10.14.0) ERROR: SyntaxError: JSON.parse: unexpected character at line 1 column 1 of the JSON data
_makeRequest@http://localhost:9876/base/test/webpackEntry.js?7289f72ca411633bcbdb65ab71fd15c5e03b6cc3:12636:4513

,Firefox 66.0.0 (Mac OS X 10.14.0) ERROR: SyntaxError: JSON.parse: unexpected character at line 1 column 1 of the JSON data
_makeRequest@http://localhost:9876/base/test/webpackEntry.js?7289f72ca411633bcbdb65ab71fd15c5e03b6cc3:12636:4513

,Firefox 66.0.0 (Mac OS X 10.14.0) ERROR: SyntaxError: JSON.parse: unexpected character at line 1 column 1 of the JSON data
_makeRequest@http://localhost:9876/base/test/webpackEntry.js?7289f72ca411633bcbdb65ab71fd15c5e03b6cc3:12636:4513

,Firefox 66.0.0 (Mac OS X 10.14.0) ERROR: SyntaxError: JSON.parse: unexpected character at line 1 column 1 of the JSON data
_makeRequest@http://localhost:9876/base/test/webpackEntry.js?7289f72ca411633bcbdb65ab71fd15c5e03b6cc3:12636:4513


]]>
  </system-out>
  <system-err/>
</testsuite>