<?xml version="1.0"?>
<testsuite name="HeadlessChrome 74.0.3729 (Mac OS X 10.14.4)" package="" timestamp="2019-05-02T11:51:19" id="0" hostname="Akos-MacBook-Pro.local" tests="5" errors="0" failures="0" time="0.051">
  <properties>
    <property name="browser.fullName" value="Mozilla/5.0 (Macintosh; Intel Mac OS X 10_14_4) AppleWebKit/537.36 (KHTML, like Gecko) HeadlessChrome/74.0.3729.131 Safari/537.36"/>
  </properties>
  <testcase name="Dashboard Application Tests Basic application setup should create a new &lt;e-dashboard>" time="0.012" classname="HeadlessChrome_74_0_3729_(Mac_OS_X_10_14_4).Dashboard Application Tests"/>
  <testcase name="FlowCatalogue Application Tests Basic application setup should create a new &lt;e-flow-catalogue>" time="0.002" classname="HeadlessChrome_74_0_3729_(Mac_OS_X_10_14_4).FlowCatalogue Application Tests"/>
  <testcase name="ModelList Application Tests Basic application setup should create a new &lt;e-model-list>" time="0.015" classname="HeadlessChrome_74_0_3729_(Mac_OS_X_10_14_4).ModelList Application Tests"/>
  <testcase name="ModelCard Component Tests Basic component setup should create a new &lt;e-model-card>" time="0.013" classname="HeadlessChrome_74_0_3729_(Mac_OS_X_10_14_4).ModelCard Component Tests"/>
  <testcase name="Sidebar Component Tests Basic component setup should create a new &lt;e-sidebar>" time="0.009" classname="HeadlessChrome_74_0_3729_(Mac_OS_X_10_14_4).Sidebar Component Tests"/>
  <system-out>
    <![CDATA[HeadlessChrome 74.0.3729 (Mac OS X 10.14.4) ERROR: 'Network error! Status: 404, Response: ', Promise{}
,HeadlessChrome 74.0.3729 (Mac OS X 10.14.4) LOG: Error
Error
    at HttpService._makeRequest (http://localhost:9876/base/test/webpackEntry.js?5c30dbc656d6b8890886591440575ae13dab15a0:11964:4093)
    at async Promise.all (index 0)
    at async HTMLElement.getModels (http://localhost:9876/base/test/webpackEntry.js?5c30dbc656d6b8890886591440575ae13dab15a0:11691:20450)
    at async HTMLElement.componentDidConnect (http://localhost:9876/base/test/webpackEntry.js?5c30dbc656d6b8890886591440575ae13dab15a0:11691:19282)
,HeadlessChrome 74.0.3729 (Mac OS X 10.14.4) ERROR: 'Network error! Status: 404, Response: ', Promise{}

]]>
  </system-out>
  <system-err/>
</testsuite>