<?xml version="1.0"?>
<testsuite name="HeadlessChrome 75.0.3770 (Mac OS X 10.14.5)" package="" timestamp="2019-06-11T07:02:51" id="0" hostname="Akos-MacBook-Pro.local" tests="18" errors="0" failures="0" time="0.585">
  <properties>
    <property name="browser.fullName" value="Mozilla/5.0 (Macintosh; Intel Mac OS X 10_14_5) AppleWebKit/537.36 (KHTML, like Gecko) HeadlessChrome/75.0.3770.87 Safari/537.36"/>
  </properties>
  <testcase name="Dashboard Application Tests Basic application setup should create a new &lt;e-dashboard>" time="0.015" classname="HeadlessChrome_75_0_3770_(Mac_OS_X_10_14_5).Dashboard Application Tests"/>
  <testcase name="FlowCatalogue Application Tests Basic application setup should create a new &lt;e-flow-catalogue>" time="0.122" classname="HeadlessChrome_75_0_3770_(Mac_OS_X_10_14_5).FlowCatalogue Application Tests"/>
  <testcase name="FlowInfo Application Tests Basic application setup should create a new &lt;e-flow-info>" time="0.033" classname="HeadlessChrome_75_0_3770_(Mac_OS_X_10_14_5).FlowInfo Application Tests"/>
  <testcase name="ModelInfo Application Tests Basic application setup should create a new &lt;e-model-info>" time="0.073" classname="HeadlessChrome_75_0_3770_(Mac_OS_X_10_14_5).ModelInfo Application Tests"/>
  <testcase name="ModelList Application Tests Basic application setup should create a new &lt;e-model-list>" time="0.041" classname="HeadlessChrome_75_0_3770_(Mac_OS_X_10_14_5).ModelList Application Tests"/>
  <testcase name="ModelCard Component Tests Basic component setup should create a new &lt;e-flow-card>" time="0.006" classname="HeadlessChrome_75_0_3770_(Mac_OS_X_10_14_5).ModelCard Component Tests"/>
  <testcase name="FlowContainer Component Tests Basic component setup should create a new &lt;e-flow-container>" time="0.04" classname="HeadlessChrome_75_0_3770_(Mac_OS_X_10_14_5).FlowContainer Component Tests"/>
  <testcase name="FlowContainer Component Tests Basic component setup Create components should create new &lt;e-sidebar>" time="0.031" classname="HeadlessChrome_75_0_3770_(Mac_OS_X_10_14_5).FlowContainer Component Tests"/>
  <testcase name="FlowContainer Component Tests Basic component setup Create components should create new &lt;eui-layout-v0-tile>" time="0.042" classname="HeadlessChrome_75_0_3770_(Mac_OS_X_10_14_5).FlowContainer Component Tests"/>
  <testcase name="ModelCard Component Tests Basic component setup should create a new &lt;e-model-card>" time="0.011" classname="HeadlessChrome_75_0_3770_(Mac_OS_X_10_14_5).ModelCard Component Tests"/>
  <testcase name="ModelContainer Component Tests Basic component setup should create a new &lt;e-model-container>" time="0.035" classname="HeadlessChrome_75_0_3770_(Mac_OS_X_10_14_5).ModelContainer Component Tests"/>
  <testcase name="ModelContainer Component Tests Basic component setup Create components should create new &lt;e-sidebar>" time="0.047" classname="HeadlessChrome_75_0_3770_(Mac_OS_X_10_14_5).ModelContainer Component Tests"/>
  <testcase name="ModelContainer Component Tests Basic component setup Create components should create new &lt;eui-layout-v0-tile>" time="0.048" classname="HeadlessChrome_75_0_3770_(Mac_OS_X_10_14_5).ModelContainer Component Tests"/>
  <testcase name="ChartLegend Component Tests Basic component setup should create a new &lt;e-chart-legend>" time="0" classname="HeadlessChrome_75_0_3770_(Mac_OS_X_10_14_5).ChartLegend Component Tests"/>
  <testcase name="ModelDetails Component Tests Basic component setup should create a new &lt;e-model-details>" time="0.015" classname="HeadlessChrome_75_0_3770_(Mac_OS_X_10_14_5).ModelDetails Component Tests"/>
  <testcase name="MonitoringLineChart Component Tests Basic component setup should create a new &lt;e-monitoring-line-chart>" time="0.009" classname="HeadlessChrome_75_0_3770_(Mac_OS_X_10_14_5).MonitoringLineChart Component Tests"/>
  <testcase name="Sidebar Component Tests Basic component setup should create a new &lt;e-sidebar>" time="0.009" classname="HeadlessChrome_75_0_3770_(Mac_OS_X_10_14_5).Sidebar Component Tests"/>
  <testcase name="UploadComponent Component Tests Basic component setup should create a new &lt;e-upload-component>" time="0.008" classname="HeadlessChrome_75_0_3770_(Mac_OS_X_10_14_5).UploadComponent Component Tests"/>
  <system-out>
    <![CDATA[HeadlessChrome 75.0.3770 (Mac OS X 10.14.5) WARN: 'customElement eui-base-v0-dropdown-ellipsis has already been defined'
,HeadlessChrome 75.0.3770 (Mac OS X 10.14.5) WARN: 'customElement eui-base-v0-accordion has already been defined'
,HeadlessChrome 75.0.3770 (Mac OS X 10.14.5) WARN: 'customElement eui-base-v0-button has already been defined'
,HeadlessChrome 75.0.3770 (Mac OS X 10.14.5) WARN: 'customElement eui-base-v0-breadcrumb has already been defined'
,HeadlessChrome 75.0.3770 (Mac OS X 10.14.5) WARN: 'customElement eui-base-v0-checkbox has already been defined'
,HeadlessChrome 75.0.3770 (Mac OS X 10.14.5) WARN: 'customElement eui-base-v0-datepicker has already been defined'
,HeadlessChrome 75.0.3770 (Mac OS X 10.14.5) WARN: 'customElement eui-base-v0-dropdown has already been defined'
,HeadlessChrome 75.0.3770 (Mac OS X 10.14.5) WARN: 'customElement eui-base-v0-notification has already been defined'
,HeadlessChrome 75.0.3770 (Mac OS X 10.14.5) WARN: 'customElement eui-base-v0-password-field has already been defined'
,HeadlessChrome 75.0.3770 (Mac OS X 10.14.5) WARN: 'customElement eui-base-v0-pill has already been defined'
,HeadlessChrome 75.0.3770 (Mac OS X 10.14.5) WARN: 'customElement eui-base-v0-progress-bar has already been defined'
,HeadlessChrome 75.0.3770 (Mac OS X 10.14.5) WARN: 'customElement eui-base-v0-radio-button has already been defined'
,HeadlessChrome 75.0.3770 (Mac OS X 10.14.5) WARN: 'customElement eui-base-v0-slider has already been defined'
,HeadlessChrome 75.0.3770 (Mac OS X 10.14.5) WARN: 'customElement eui-base-v0-spinner has already been defined'
,HeadlessChrome 75.0.3770 (Mac OS X 10.14.5) WARN: 'customElement eui-base-v0-switch has already been defined'
,HeadlessChrome 75.0.3770 (Mac OS X 10.14.5) WARN: 'customElement eui-base-v0-text-field has already been defined'
,HeadlessChrome 75.0.3770 (Mac OS X 10.14.5) WARN: 'customElement eui-base-v0-textarea has already been defined'
,HeadlessChrome 75.0.3770 (Mac OS X 10.14.5) WARN: 'customElement eui-base-v0-tooltip has already been defined'
,HeadlessChrome 75.0.3770 (Mac OS X 10.14.5) WARN: 'customElement eui-base-v0-tree has already been defined'
,HeadlessChrome 75.0.3770 (Mac OS X 10.14.5) WARN: 'customElement eui-base-v0-tree-item has already been defined'
,HeadlessChrome 75.0.3770 (Mac OS X 10.14.5) WARN: 'customElement eui-base-v0-dialog has already been defined'
,HeadlessChrome 75.0.3770 (Mac OS X 10.14.5) WARN: 'customElement eui-base-v0-icon has already been defined'
,HeadlessChrome 75.0.3770 (Mac OS X 10.14.5) WARN: 'customElement eui-base-v0-loader has already been defined'
,HeadlessChrome 75.0.3770 (Mac OS X 10.14.5) WARN: 'customElement eui-base-v0-file-input has already been defined'
,HeadlessChrome 75.0.3770 (Mac OS X 10.14.5) ERROR: SyntaxError: Unexpected token N in JSON at position 0
SyntaxError: Unexpected token N in JSON at position 0
    at JSON.parse (<anonymous>)
    at HttpService._makeRequest (http://localhost:9876/base/test/webpackEntry.js?7289f72ca411633bcbdb65ab71fd15c5e03b6cc3:12636:4518)
    at async Promise.all (index 0)
    at async http://localhost:9876/base/test/webpackEntry.js?7289f72ca411633bcbdb65ab71fd15c5e03b6cc3:12759:4619
,HeadlessChrome 75.0.3770 (Mac OS X 10.14.5) ERROR: SyntaxError: Unexpected token N in JSON at position 0
SyntaxError: Unexpected token N in JSON at position 0
    at JSON.parse (<anonymous>)
    at HttpService._makeRequest (http://localhost:9876/base/test/webpackEntry.js?7289f72ca411633bcbdb65ab71fd15c5e03b6cc3:12636:4518)
    at async Promise.all (index 0)
    at async http://localhost:9876/base/test/webpackEntry.js?7289f72ca411633bcbdb65ab71fd15c5e03b6cc3:12759:4619
,HeadlessChrome 75.0.3770 (Mac OS X 10.14.5) ERROR: SyntaxError: Unexpected token N in JSON at position 0
SyntaxError: Unexpected token N in JSON at position 0
    at JSON.parse (<anonymous>)
    at HttpService._makeRequest (http://localhost:9876/base/test/webpackEntry.js?7289f72ca411633bcbdb65ab71fd15c5e03b6cc3:12636:4518)
    at async Promise.all (index 0)
    at async http://localhost:9876/base/test/webpackEntry.js?7289f72ca411633bcbdb65ab71fd15c5e03b6cc3:13884:5314
,HeadlessChrome 75.0.3770 (Mac OS X 10.14.5) ERROR: SyntaxError: Unexpected token N in JSON at position 0
SyntaxError: Unexpected token N in JSON at position 0
    at JSON.parse (<anonymous>)
    at HttpService._makeRequest (http://localhost:9876/base/test/webpackEntry.js?7289f72ca411633bcbdb65ab71fd15c5e03b6cc3:12636:4518)
    at async Promise.all (index 0)
    at async http://localhost:9876/base/test/webpackEntry.js?7289f72ca411633bcbdb65ab71fd15c5e03b6cc3:13884:5314
,HeadlessChrome 75.0.3770 (Mac OS X 10.14.5) ERROR: SyntaxError: Unexpected token N in JSON at position 0
SyntaxError: Unexpected token N in JSON at position 0
    at JSON.parse (<anonymous>)
    at HttpService._makeRequest (http://localhost:9876/base/test/webpackEntry.js?7289f72ca411633bcbdb65ab71fd15c5e03b6cc3:12636:4518)
    at async Promise.all (index 0)
    at async http://localhost:9876/base/test/webpackEntry.js?7289f72ca411633bcbdb65ab71fd15c5e03b6cc3:12759:4619
,HeadlessChrome 75.0.3770 (Mac OS X 10.14.5) ERROR: SyntaxError: Unexpected token N in JSON at position 0
SyntaxError: Unexpected token N in JSON at position 0
    at JSON.parse (<anonymous>)
    at HttpService._makeRequest (http://localhost:9876/base/test/webpackEntry.js?7289f72ca411633bcbdb65ab71fd15c5e03b6cc3:12636:4518)
    at async Promise.all (index 0)
    at async http://localhost:9876/base/test/webpackEntry.js?7289f72ca411633bcbdb65ab71fd15c5e03b6cc3:12759:4619
,HeadlessChrome 75.0.3770 (Mac OS X 10.14.5) ERROR: SyntaxError: Unexpected token N in JSON at position 0
SyntaxError: Unexpected token N in JSON at position 0
    at JSON.parse (<anonymous>)
    at HttpService._makeRequest (http://localhost:9876/base/test/webpackEntry.js?7289f72ca411633bcbdb65ab71fd15c5e03b6cc3:12636:4518)
    at async Promise.all (index 0)
    at async http://localhost:9876/base/test/webpackEntry.js?7289f72ca411633bcbdb65ab71fd15c5e03b6cc3:12759:4619
,HeadlessChrome 75.0.3770 (Mac OS X 10.14.5) ERROR: SyntaxError: Unexpected token N in JSON at position 0
SyntaxError: Unexpected token N in JSON at position 0
    at JSON.parse (<anonymous>)
    at HttpService._makeRequest (http://localhost:9876/base/test/webpackEntry.js?7289f72ca411633bcbdb65ab71fd15c5e03b6cc3:12636:4518)
    at async Promise.all (index 0)
    at async http://localhost:9876/base/test/webpackEntry.js?7289f72ca411633bcbdb65ab71fd15c5e03b6cc3:13884:5314
,HeadlessChrome 75.0.3770 (Mac OS X 10.14.5) ERROR: SyntaxError: Unexpected token N in JSON at position 0
SyntaxError: Unexpected token N in JSON at position 0
    at JSON.parse (<anonymous>)
    at HttpService._makeRequest (http://localhost:9876/base/test/webpackEntry.js?7289f72ca411633bcbdb65ab71fd15c5e03b6cc3:12636:4518)
    at async Promise.all (index 0)
    at async http://localhost:9876/base/test/webpackEntry.js?7289f72ca411633bcbdb65ab71fd15c5e03b6cc3:13884:5314
,HeadlessChrome 75.0.3770 (Mac OS X 10.14.5) ERROR: SyntaxError: Unexpected token N in JSON at position 0
SyntaxError: Unexpected token N in JSON at position 0
    at JSON.parse (<anonymous>)
    at HttpService._makeRequest (http://localhost:9876/base/test/webpackEntry.js?7289f72ca411633bcbdb65ab71fd15c5e03b6cc3:12636:4518)
    at async Promise.all (index 0)
    at async http://localhost:9876/base/test/webpackEntry.js?7289f72ca411633bcbdb65ab71fd15c5e03b6cc3:13884:5314

]]>
  </system-out>
  <system-err/>
</testsuite>